Build started 27-11-2014 12:36:07.
     1>Project "C:\Users\HR\Documents\of_v0.8.4_vs_release\apps\myApps\Week8_inclass\Week8_inclass.vcxproj" on node 2 (Build target(s)).
     1>ClCompile:
         C:\Program Files (x86)\Microsoft Visual Studio 11.0\VC\bin\CL.exe /c /I..\..\..\libs\openFrameworks /I..\..\..\libs\openFrameworks\graphics /I..\..\..\libs\openFrameworks\app /I..\..\..\libs\openFrameworks\sound /I..\..\..\libs\openFrameworks\utils /I..\..\..\libs\openFrameworks\communication /I..\..\..\libs\openFrameworks\video /I..\..\..\libs\openFrameworks\types /I..\..\..\libs\openFrameworks\math /I..\..\..\libs\openFrameworks\3d /I..\..\..\libs\openFrameworks\gl /I..\..\..\libs\openFrameworks\events /I..\..\..\libs\glut\include /I..\..\..\libs\rtAudio\include /I..\..\..\libs\quicktime\include /I..\..\..\libs\freetype\include /I..\..\..\libs\freetype\include\freetype2 /I..\..\..\libs\freeImage\include /I..\..\..\libs\fmodex\include /I..\..\..\libs\videoInput\include /I..\..\..\libs\glew\include\ /I..\..\..\libs\glu\include /I..\..\..\libs\tess2\include /I..\..\..\libs\cairo\include\cairo /I..\..\..\libs\poco\include /I..\..\..\libs\glfw\include /I..\..\..\libs\openssl\include /I..\..\..\addons /ZI /nologo /W3 /WX- /Od /Oy- /D WIN32 /D _DEBUG /D _CONSOLE /D POCO_STATIC /D CAIRO_WIN32_STATIC_BUILD /D DISABLE_SOME_FLOATING_POINT /D _UNICODE /D UNICODE /Gm /EHsc /RTC1 /MDd /GS /fp:precise /Zc:wchar_t /Zc:forScope /Fo"obj\Debug\\" /Fd"obj\Debug\vc110.pdb" /Gd /TP /analyze- /errorReport:prompt src\ofApp.cpp
         ofApp.cpp
     1>c:\users\hr\documents\of_v0.8.4_vs_release\libs\poco\include\poco\streamconverter.h(126): warning C4250: 'Poco::InputStreamConverter' : inherits 'std::basic_istream<_Elem,_Traits>::std::basic_istream<_Elem,_Traits>::_Add_vtordisp1' via dominance
                 with
                 [
                     _Elem=char,
                     _Traits=std::char_traits<char>
                 ]
                 c:\program files (x86)\microsoft visual studio 11.0\vc\include\istream(74) : see declaration of 'std::basic_istream<_Elem,_Traits>::_Add_vtordisp1'
                 with
                 [
                     _Elem=char,
                     _Traits=std::char_traits<char>
                 ]
     1>c:\users\hr\documents\of_v0.8.4_vs_release\libs\poco\include\poco\streamconverter.h(144): warning C4250: 'Poco::OutputStreamConverter' : inherits 'std::basic_ostream<_Elem,_Traits>::std::basic_ostream<_Elem,_Traits>::_Add_vtordisp2' via dominance
                 with
                 [
                     _Elem=char,
                     _Traits=std::char_traits<char>
                 ]
                 c:\program files (x86)\microsoft visual studio 11.0\vc\include\ostream(90) : see declaration of 'std::basic_ostream<_Elem,_Traits>::_Add_vtordisp2'
                 with
                 [
                     _Elem=char,
                     _Traits=std::char_traits<char>
                 ]
     1>c:\users\hr\documents\of_v0.8.4_vs_release\apps\myapps\week8_inclass\src\ofapp.cpp(44): error C2628: 'Mover' followed by 'void' is illegal (did you forget a ';'?)
     1>c:\users\hr\documents\of_v0.8.4_vs_release\apps\myapps\week8_inclass\src\ofapp.cpp(44): error C2556: 'Mover ofApp::setup(void)' : overloaded function differs only by return type from 'void ofApp::setup(void)'
                 c:\users\hr\documents\of_v0.8.4_vs_release\apps\myapps\week8_inclass\src\ofapp.h(8) : see declaration of 'ofApp::setup'
     1>c:\users\hr\documents\of_v0.8.4_vs_release\apps\myapps\week8_inclass\src\ofapp.cpp(44): error C2371: 'ofApp::setup' : redefinition; different basic types
                 c:\users\hr\documents\of_v0.8.4_vs_release\apps\myapps\week8_inclass\src\ofapp.h(8) : see declaration of 'ofApp::setup'
     1>Done Building Project "C:\Users\HR\Documents\of_v0.8.4_vs_release\apps\myApps\Week8_inclass\Week8_inclass.vcxproj" (Build target(s)) -- FAILED.

Build FAILED.

Time Elapsed 00:00:17.62
