C:\USERS\HR\DOCUMENTS\OF_V0.8.4_VS_RELEASE\APPS\MYAPPS\WK8_FORCES\OBJ\DEBUG\MAIN.OBJ
C:\USERS\HR\DOCUMENTS\OF_V0.8.4_VS_RELEASE\APPS\MYAPPS\WK8_FORCES\OBJ\DEBUG\OFAPP.OBJ
C:\USERS\HR\DOCUMENTS\OF_V0.8.4_VS_RELEASE\APPS\MYAPPS\WK8_FORCES\OBJ\DEBUG\VC110.PDB
C:\USERS\HR\DOCUMENTS\OF_V0.8.4_VS_RELEASE\APPS\MYAPPS\WK8_FORCES\OBJ\DEBUG\WMOVER.OBJ
C:\USERS\HR\DOCUMENTS\OF_V0.8.4_VS_RELEASE\APPS\MYAPPS\WK8_FORCES\BIN\WK8_FORCES_DEBUG.ILK
C:\USERS\HR\DOCUMENTS\OF_V0.8.4_VS_RELEASE\APPS\MYAPPS\WK8_FORCES\BIN\WK8_FORCES_DEBUG.EXE
C:\USERS\HR\DOCUMENTS\OF_V0.8.4_VS_RELEASE\APPS\MYAPPS\WK8_FORCES\BIN\WK8_FORCES_DEBUG.PDB
C:\USERS\HR\DOCUMENTS\OF_V0.8.4_VS_RELEASE\APPS\MYAPPS\WK8_FORCES\OBJ\DEBUG\ICON.RES
C:\Users\HR\Documents\of_v0.8.4_vs_release\apps\myApps\Wk8_forces\bin\Wk8_forces_debug.lib
C:\Users\HR\Documents\of_v0.8.4_vs_release\apps\myApps\Wk8_forces\bin\Wk8_forces_debug.exp
C:\Users\HR\Documents\of_v0.8.4_vs_release\apps\myApps\Wk8_forces\obj\Debug\Wk8_forces.vcxprojResolveAssemblyReference.cache
C:\Users\HR\Documents\of_v0.8.4_vs_release\apps\myApps\Wk8_forces\obj\Debug\main.obj
C:\Users\HR\Documents\of_v0.8.4_vs_release\apps\myApps\Wk8_forces\obj\Debug\ofApp.obj
C:\Users\HR\Documents\of_v0.8.4_vs_release\apps\myApps\Wk8_forces\obj\Debug\wmover.obj
C:\Users\HR\Documents\of_v0.8.4_vs_release\apps\myApps\Wk8_forces\obj\Debug\cl.command.1.tlog
C:\Users\HR\Documents\of_v0.8.4_vs_release\apps\myApps\Wk8_forces\obj\Debug\CL.read.1.tlog
C:\Users\HR\Documents\of_v0.8.4_vs_release\apps\myApps\Wk8_forces\obj\Debug\CL.write.1.tlog
C:\Users\HR\Documents\of_v0.8.4_vs_release\apps\myApps\Wk8_forces\obj\Debug\link-cvtres.read.1.tlog
C:\Users\HR\Documents\of_v0.8.4_vs_release\apps\myApps\Wk8_forces\obj\Debug\link-cvtres.write.1.tlog
C:\Users\HR\Documents\of_v0.8.4_vs_release\apps\myApps\Wk8_forces\obj\Debug\link-rc.read.1.tlog
C:\Users\HR\Documents\of_v0.8.4_vs_release\apps\myApps\Wk8_forces\obj\Debug\link-rc.write.1.tlog
C:\Users\HR\Documents\of_v0.8.4_vs_release\apps\myApps\Wk8_forces\obj\Debug\link.command.1.tlog
C:\Users\HR\Documents\of_v0.8.4_vs_release\apps\myApps\Wk8_forces\obj\Debug\link.read.1.tlog
C:\Users\HR\Documents\of_v0.8.4_vs_release\apps\myApps\Wk8_forces\obj\Debug\link.write.1.tlog
C:\Users\HR\Documents\of_v0.8.4_vs_release\apps\myApps\Wk8_forces\obj\Debug\rc.command.1.tlog
C:\Users\HR\Documents\of_v0.8.4_vs_release\apps\myApps\Wk8_forces\obj\Debug\rc.read.1.tlog
C:\Users\HR\Documents\of_v0.8.4_vs_release\apps\myApps\Wk8_forces\obj\Debug\rc.write.1.tlog
C:\Users\HR\Documents\of_v0.8.4_vs_release\apps\myApps\Wk8_forces\obj\Debug\Wk8_forces.write.1.tlog
C:\Users\HR\Documents\of_v0.8.4_vs_release\apps\myApps\Wk8_forces\obj\Debug\icon.res
C:\Users\HR\Documents\of_v0.8.4_vs_release\apps\myApps\Wk8_forces\obj\Debug\vc110.idb
C:\Users\HR\Documents\of_v0.8.4_vs_release\apps\myApps\Wk8_forces\obj\Debug\vc110.pdb
C:\Users\HR\Documents\of_v0.8.4_vs_release\apps\myApps\Wk8_forces\bin\Wk8_forces_debug.exe
